Watching for file changes with StatReloader
Not Found: /.well-known/appspecific/com.chrome.devtools.json
Not Found: /static/css/bootstrap.min.css.map
Not Found: /static/images/icons/feature-hover-bg.png
Not Found: /static/js/bootstrap.min.js.map
Not Found: /static/js/popper.min.js.map
Not Found: /static/js/swiper-bundle.min.js.map
Reservation email sent to info@edooilandgassummit.com for yakubudestiny9@gmail.com
Not Found: /.well-known/appspecific/com.chrome.devtools.json
Not Found: /static/css/bootstrap.min.css.map
Not Found: /static/images/icons/feature-hover-bg.png
Not Found: /static/js/popper.min.js.map
Not Found: /static/js/bootstrap.min.js.map
Not Found: /static/js/swiper-bundle.min.js.map
Not Found: /.well-known/appspecific/com.chrome.devtools.json
Not Found: /cdn-cgi/scripts/5c5dd728/cloudflare-static/email-decode.min.js
Not Found: /static/css/bootstrap.min.css.map
Not Found: /static/js/bootstrap.min.js.map
Not Found: /static/js/popper.min.js.map
Not Found: /static/js/swiper-bundle.min.js.map
Not Found: /.well-known/appspecific/com.chrome.devtools.json
Not Found: /cdn-cgi/scripts/5c5dd728/cloudflare-static/email-decode.min.js
Not Found: /static/css/bootstrap.min.css.map
Not Found: /static/js/popper.min.js.map
Not Found: /static/js/bootstrap.min.js.map
Not Found: /static/js/swiper-bundle.min.js.map
Reservation email sent to info@edooilandgassummit.com for yakubudestiny9@gmail.com
Not Found: /cdn-cgi/scripts/5c5dd728/cloudflare-static/email-decode.min.js
Not Found: /.well-known/appspecific/com.chrome.devtools.json
Not Found: /static/css/bootstrap.min.css.map
Not Found: /static/js/bootstrap.min.js.map
Not Found: /static/js/popper.min.js.map
Not Found: /static/js/swiper-bundle.min.js.map
Not Found: /static/images/icons/feature-hover-bg.png
Not Found: /.well-known/appspecific/com.chrome.devtools.json
Not Found: /static/css/bootstrap.min.css.map
Not Found: /static/js/popper.min.js.map
Not Found: /static/js/bootstrap.min.js.map
Not Found: /static/js/swiper-bundle.min.js.map
Reservation email sent to info@edooilandgassummit.com for yakubudestiny9@gmail.com
Not Found: /.well-known/appspecific/com.chrome.devtools.json
Not Found: /static/css/bootstrap.min.css.map
Not Found: /static/images/icons/feature-hover-bg.png
Not Found: /static/js/popper.min.js.map
Not Found: /static/js/bootstrap.min.js.map
Not Found: /static/js/swiper-bundle.min.js.map
Not Found: /.well-known/appspecific/com.chrome.devtools.json
Not Found: /static/css/bootstrap.min.css.map
Not Found: /static/images/icons/feature-hover-bg.png
Not Found: /static/js/popper.min.js.map
Not Found: /static/js/bootstrap.min.js.map
Not Found: /static/js/swiper-bundle.min.js.map
Not Found: /.well-known/appspecific/com.chrome.devtools.json
Not Found: /static/css/bootstrap.min.css.map
Not Found: /static/images/icons/feature-hover-bg.png
Not Found: /static/js/popper.min.js.map
Not Found: /static/js/bootstrap.min.js.map
Not Found: /static/js/swiper-bundle.min.js.map
Reservation email sent to info@edooilandgassummit.com for yakubudestiny9@gmail.com
Not Found: /.well-known/appspecific/com.chrome.devtools.json
Not Found: /static/css/bootstrap.min.css.map
Not Found: /static/images/icons/feature-hover-bg.png
Not Found: /static/js/popper.min.js.map
Not Found: /static/js/bootstrap.min.js.map
Not Found: /static/js/swiper-bundle.min.js.map
C:\Users\USER\Documents\Projects\Projects\edo_oil&gas_submit\edo_submit\edo_submit\settings.py changed, reloading.
Watching for file changes with StatReloader
